{
  "RSpec": {
    "coverage": {
      "/Users/yuridelgado/dev/rails-dev/link_scraper/spec/jobs/page_scraper_job_spec.rb": {
        "lines": [
          null,
          null,
          1,
          3,
          null,
          1,
          1,
          null,
          1,
          1,
          1,
          null,
          null,
          1,
          null,
          null,
          null,
          1,
          1,
          1,
          1,
          null,
          null,
          null,
          null
        ]
      },
      "/Users/yuridelgado/dev/rails-dev/link_scraper/app/jobs/scrape_page_job.rb": {
        "lines": [
          1,
          1,
          null,
          1,
          1,
          1,
          null,
          null
        ]
      },
      "/Users/yuridelgado/dev/rails-dev/link_scraper/app/jobs/application_job.rb": {
        "lines": [
          1,
          null,
          null,
          null,
          null,
          null,
          null
        ]
      },
      "/Users/yuridelgado/dev/rails-dev/link_scraper/spec/models/link_spec.rb": {
        "lines": [
          1,
          1,
          2,
          null,
          null,
          1,
          1,
          1,
          1,
          null,
          null,
          null
        ]
      },
      "/Users/yuridelgado/dev/rails-dev/link_scraper/app/models/link.rb": {
        "lines": [
          1,
          1,
          null,
          1,
          null
        ]
      },
      "/Users/yuridelgado/dev/rails-dev/link_scraper/app/models/application_record.rb": {
        "lines": [
          1,
          1,
          null
        ]
      },
      "/Users/yuridelgado/dev/rails-dev/link_scraper/app/models/page.rb": {
        "lines": [
          1,
          1,
          1,
          1,
          8,
          null,
          1,
          1,
          null
        ]
      },
      "/Users/yuridelgado/dev/rails-dev/link_scraper/spec/models/page_spec.rb": {
        "lines": [
          null,
          null,
          1,
          1,
          2,
          2,
          null,
          null,
          1,
          2,
          2,
          2,
          2,
          2,
          null,
          null,
          1,
          2,
          null,
          null
        ]
      },
      "/Users/yuridelgado/dev/rails-dev/link_scraper/spec/services/page_scraper_service_spec.rb": {
        "lines": [
          null,
          null,
          1,
          4,
          4,
          null,
          1,
          1,
          1,
          null,
          2,
          null,
          null,
          null,
          1,
          1,
          1,
          null,
          null,
          1,
          4,
          1,
          null,
          null,
          null,
          1,
          1,
          null,
          1,
          null,
          null,
          1,
          1,
          1,
          null,
          null,
          null,
          null
        ]
      },
      "/Users/yuridelgado/dev/rails-dev/link_scraper/app/services/page_scraper_service.rb": {
        "lines": [
          1,
          1,
          null,
          1,
          1,
          3,
          null,
          null,
          1,
          3,
          null,
          3,
          2,
          2,
          2,
          2,
          2,
          null,
          null,
          2,
          null,
          1,
          null,
          null
        ]
      },
      "/Users/yuridelgado/dev/rails-dev/link_scraper/app/models/user.rb": {
        "lines": [
          1,
          1,
          1,
          1,
          6,
          null
        ]
      },
      "/Users/yuridelgado/dev/rails-dev/link_scraper/app/controllers/application_controller.rb": {
        "lines": [
          1,
          1,
          1,
          null,
          null,
          1,
          null,
          1,
          null,
          1,
          1,
          0,
          null,
          null
        ]
      },
      "/Users/yuridelgado/dev/rails-dev/link_scraper/app/controllers/concerns/authentication.rb": {
        "lines": [
          1,
          1,
          null,
          1,
          1,
          1,
          null,
          null,
          1,
          1,
          0,
          null,
          null,
          null,
          1,
          1,
          0,
          null,
          null,
          1,
          0,
          null,
          null,
          1,
          0,
          null,
          null,
          1,
          0,
          null,
          null,
          1,
          0,
          0,
          null,
          null,
          1,
          0,
          null,
          null,
          1,
          0,
          0,
          0,
          null,
          null,
          null,
          1,
          0,
          0,
          null,
          null
        ]
      },
      "/Users/yuridelgado/dev/rails-dev/link_scraper/config/routes.rb": {
        "lines": [
          1,
          1,
          1,
          1,
          null,
          1,
          1,
          null,
          null,
          null,
          null,
          1,
          null,
          null,
          null,
          null,
          null,
          null,
          null,
          1,
          1,
          null
        ]
      }
    },
    "timestamp": 1748133189
  }
}
